<?xml version="1.0" encoding="UTF-8"?>
<!-- Generated by org.testng.reporters.JUnitReportReporter -->
<testsuite skipped="0" hostname="WINCTRL-0U6H77H" name="testNGdata.Dataprovider_loginTest" tests="10" failures="0" timestamp="10 Sep 2018 12:17:21 GMT" time="166.418" errors="0">
  <testcase name="loginTest" time="16.307" classname="testNGdata.Dataprovider_loginTest"/>
  <testcase name="loginTest" time="15.787" classname="testNGdata.Dataprovider_loginTest"/>
  <testcase name="loginTest" time="17.130" classname="testNGdata.Dataprovider_loginTest"/>
  <testcase name="loginTest" time="16.133" classname="testNGdata.Dataprovider_loginTest"/>
  <testcase name="loginTest" time="18.647" classname="testNGdata.Dataprovider_loginTest"/>
  <testcase name="loginTest" time="16.882" classname="testNGdata.Dataprovider_loginTest"/>
  <testcase name="loginTest" time="19.167" classname="testNGdata.Dataprovider_loginTest"/>
  <testcase name="loginTest" time="15.671" classname="testNGdata.Dataprovider_loginTest"/>
  <testcase name="loginTest" time="15.917" classname="testNGdata.Dataprovider_loginTest"/>
  <testcase name="loginTest" time="14.777" classname="testNGdata.Dataprovider_loginTest"/>
</testsuite> <!-- testNGdata.Dataprovider_loginTest -->
