<?xml version="1.0" encoding="UTF-8"?>
<!-- Generated by org.testng.reporters.JUnitReportReporter -->
<testsuite skipped="0" hostname="ADMIN-PC" name="barCodeatmn.BarCodeTest" tests="1" failures="0" timestamp="31 Oct 2018 22:59:08 GMT" time="20.947" errors="0">
  <testcase name="barCodeTest" time="20.947" classname="barCodeatmn.BarCodeTest"/>
</testsuite> <!-- barCodeatmn.BarCodeTest -->
