<?xml version="1.0" encoding="UTF-8"?>
<!-- Generated by org.testng.reporters.JUnitReportReporter -->
<testsuite skipped="2" hostname="WINCTRL-0U6H77H" name="com.qa.crm.testcases.LoginpageTest" tests="3" failures="0" timestamp="22 Sep 2018 13:01:41 GMT" time="43.563" errors="0">
  <testcase name="crmLogINTest" time="43.563" classname="com.qa.crm.testcases.LoginpageTest"/>
  <testcase name="validateTitleTest" classname="com.qa.crm.testcases.LoginpageTest">
    <skipped/>
  </testcase> <!-- validateTitleTest -->
  <testcase name="validataCRMImageTest" classname="com.qa.crm.testcases.LoginpageTest">
    <skipped/>
  </testcase> <!-- validataCRMImageTest -->
</testsuite> <!-- com.qa.crm.testcases.LoginpageTest -->
