<?xml version="1.0" encoding="UTF-8"?>
<!-- Generated by org.testng.reporters.JUnitReportReporter -->
<testsuite skipped="3" hostname="WINCTRL-0U6H77H" name="com.qa.crm.testcases.HomePageTest" tests="5" failures="0" timestamp="22 Sep 2018 19:23:09 GMT" time="104.551" errors="0">
  <testcase name="clickOnNewContactTest" time="50.006" classname="com.qa.crm.testcases.HomePageTest"/>
  <testcase name="clickOnCompany" time="54.545" classname="com.qa.crm.testcases.HomePageTest"/>
  <testcase name="verifyHomePageImgTest" classname="com.qa.crm.testcases.HomePageTest">
    <skipped/>
  </testcase> <!-- verifyHomePageImgTest -->
  <testcase name="verifyUserlableTest" classname="com.qa.crm.testcases.HomePageTest">
    <skipped/>
  </testcase> <!-- verifyUserlableTest -->
  <testcase name="verifyPageTitleTest" classname="com.qa.crm.testcases.HomePageTest">
    <skipped/>
  </testcase> <!-- verifyPageTitleTest -->
</testsuite> <!-- com.qa.crm.testcases.HomePageTest -->
