<?xml version="1.0" encoding="UTF-8"?>
<!-- Generated by org.testng.reporters.JUnitReportReporter -->
<testsuite skipped="0" hostname="WINCTRL-0U6H77H" name="freeCRM_Testing.LoginToCRM" tests="2" failures="0" timestamp="24 Sep 2018 06:39:23 GMT" time="88.135" errors="0">
  <testcase name="logInWithAdminTest" time="45.378" classname="freeCRM_Testing.LoginToCRM"/>
  <testcase name="logInWithCustomer" time="42.757" classname="freeCRM_Testing.LoginToCRM"/>
</testsuite> <!-- freeCRM_Testing.LoginToCRM -->
