<?xml version="1.0" encoding="UTF-8"?>
<!-- Generated by org.testng.reporters.JUnitReportReporter -->
<testsuite skipped="0" hostname="ADMIN-PC" name="testNG.Sliding" tests="1" failures="0" timestamp="05 Nov 2018 21:26:34 GMT" time="40.022" errors="0">
  <testcase name="slide" time="40.022" classname="testNG.Sliding"/>
</testsuite> <!-- testNG.Sliding -->
