<?xml version="1.0" encoding="UTF-8"?>
<!-- Generated by org.testng.reporters.JUnitReportReporter -->
<testsuite skipped="0" hostname="ADMIN-PC" name="testNG.ScrollPage" tests="1" failures="0" timestamp="05 Nov 2018 20:57:53 GMT" time="40.080" errors="0">
  <testcase name="scrollDown" time="40.080" classname="testNG.ScrollPage"/>
</testsuite> <!-- testNG.ScrollPage -->
