<?xml version="1.0" encoding="UTF-8"?>
<!-- Generated by org.testng.reporters.JUnitReportReporter -->
<testsuite skipped="0" hostname="ADMIN-PC" name="testNG.DragAndDrop" tests="1" failures="0" timestamp="04 Nov 2018 01:18:16 GMT" time="11.747" errors="0">
  <testcase name="dragAnDrop" time="11.747" classname="testNG.DragAndDrop"/>
</testsuite> <!-- testNG.DragAndDrop -->
