<?xml version="1.0" encoding="UTF-8"?>
<!-- Generated by org.testng.reporters.JUnitReportReporter -->
<testsuite skipped="0" hostname="ADMIN-PC" name="testNG.ScrollView" tests="1" failures="0" timestamp="05 Nov 2018 20:49:25 GMT" time="30.002" errors="0">
  <testcase name="scrollView" time="30.002" classname="testNG.ScrollView"/>
</testsuite> <!-- testNG.ScrollView -->
