<?xml version="1.0" encoding="UTF-8"?>
<!-- Generated by org.testng.reporters.JUnitReportReporter -->
<testsuite skipped="0" hostname="WINCTRL-0U6H77H" name="openBrowser.Chrome" tests="1" failures="0" timestamp="10 Sep 2018 08:50:07 GMT" time="182.273" errors="0">
  <testcase name="openBrowser" time="182.273" classname="openBrowser.Chrome"/>
</testsuite> <!-- openBrowser.Chrome -->
