<?xml version="1.0" encoding="UTF-8"?>
<!-- Generated by org.testng.reporters.JUnitReportReporter -->
<testsuite skipped="0" hostname="WINCTRL-0U6H77H" name="openBrowser.IE" tests="1" failures="0" timestamp="09 Sep 2018 16:28:00 GMT" time="42.300" errors="0">
  <testcase name="openBrowser" time="42.300" classname="openBrowser.IE"/>
</testsuite> <!-- openBrowser.IE -->
